<?xml version="1.0" encoding="UTF-8"?>
<!-- Generated by org.testng.reporters.JUnitReportReporter -->
<testsuite hostname="LAPTOP-NNBT4H38" failures="0" tests="1" name="com.pedgog.web.tests.RegisterTest" time="1.958" errors="0" timestamp="07 May 2021 18:54:30 GMT" skipped="0">
  <testcase classname="com.pedgog.web.tests.RegisterTest" name="registerWithCorrectData" time="1.958"/>
</testsuite> <!-- com.pedgog.web.tests.RegisterTest -->
