<?xml version="1.0" encoding="UTF-8"?>
<!-- Generated by org.testng.reporters.JUnitReportReporter -->
<testsuite hostname="LAPTOP-NNBT4H38" failures="0" tests="3" name="com.pedgog.web.tests.LoginTest" time="13.898" errors="0" timestamp="07 May 2021 18:54:08 GMT" skipped="0">
  <testcase classname="com.pedgog.web.tests.LoginTest" name="loginWithCorrectCredentials" time="4.374"/>
  <testcase classname="com.pedgog.web.tests.LoginTest" name="loginWithWrongEmail" time="4.014"/>
  <testcase classname="com.pedgog.web.tests.LoginTest" name="loginWithWrongPassword" time="5.510"/>
</testsuite> <!-- com.pedgog.web.tests.LoginTest -->
